{"date":"5/8/2020, 5:33:52 PM","level":"info","message":"Success Driver Details send","Tnic":"B1234567"}
{"date":"5/8/2020, 5:37:54 PM","level":"info","message":"Success Driver Details send","Tnic":"B7654321"}
{"date":"5/8/2020, 5:38:47 PM","level":"info","message":"Success Driver Details send","DNic":"B1234568"}
{"date":"5/8/2020, 5:40:57 PM","level":"info","message":"Success Driver Details send","DNic":"B1234568"}
{"date":"5/8/2020, 5:42:15 PM","level":"info","message":"Success Driver Details send","DNic":"B1234568"}
{"date":"5/8/2020, 5:42:15 PM","level":"info","message":"Success Driver Details send","DNic":"B1234568"}
{"date":"5/8/2020, 5:45:02 PM","level":"info","message":"Success Driver Details send","DNic":"B1234568"}
{"date":"5/8/2020, 5:47:27 PM","level":"info","message":"Success Driver Details send","DNic":"B1234567"}
{"date":"5/8/2020, 5:53:36 PM","level":"error","message":"Driver not Found","DNic":"B1234569"}
{"date":"5/8/2020, 5:54:14 PM","level":"error","message":"Driver not Found","DNic":"B1234569"}
{"date":"5/8/2020, 5:54:56 PM","level":"error","message":"Driver not Found","DNic":"B1234569"}
{"date":"5/8/2020, 5:58:26 PM","level":"error","message":"Driver not Found","DNic":"B1234569"}
{"date":"5/8/2020, 5:58:26 PM","level":"error","message":"Driver not Found","DNic":"B1234569"}
{"date":"5/8/2020, 5:58:26 PM","level":"error","message":"Driver not Found","DNic":"B1234569"}
{"date":"5/8/2020, 6:02:50 PM","level":"error","message":"Driver not Found","DNic":"B1234569"}
{"date":"5/8/2020, 6:02:50 PM","level":"error","message":"Driver not Found","DNic":"B1234569"}
{"date":"5/8/2020, 6:02:50 PM","level":"error","message":"Driver not Found","DNic":"B1234568"}
{"date":"5/8/2020, 6:02:50 PM","level":"error","message":"Driver not Found","DNic":"B1234569"}
{"date":"5/8/2020, 6:11:16 PM","level":"error","message":"Driver not Found","DNic":"B1234569"}
{"date":"5/8/2020, 6:16:29 PM","level":"error","message":"Driver not Found","DNic":"B1234569"}
{"date":"5/8/2020, 6:16:29 PM","level":"info","message":"Success Driver Details send","DNic":"B1234567"}
{"date":"5/8/2020, 6:16:29 PM","level":"info","message":"Success Driver Details send","DNic":"B1234567"}
{"date":"5/15/2020, 7:47:55 PM","level":"info","message":"Driver Save Success","TNic":"941342198V","Dnic":"B9654832"}
{"date":"5/23/2020, 9:42:20 AM","level":"info","message":"Success Driver Details send","DNic":"B1234567"}
{"date":"5/23/2020, 9:48:53 AM","level":"info","message":"Success Driver Details send","DNic":"B1234567"}
{"date":"5/23/2020, 9:48:53 AM","level":"info","message":"Success Driver Details send","DNic":"B1234567"}
{"date":"5/23/2020, 10:02:36 AM","level":"info","message":"Success Driver Details send","DNic":"B1234567"}
{"date":"5/23/2020, 10:02:36 AM","level":"info","message":"Success Driver Details send","DNic":"B1234567"}
{"date":"5/23/2020, 10:02:36 AM","level":"info","message":"Success Driver Details send","DNic":"B1234567"}
{"date":"5/23/2020, 10:02:36 AM","level":"info","message":"Success Driver Details send","DNic":"B1234567"}
{"date":"5/23/2020, 10:14:32 AM","level":"info","message":"Success Driver Details send","DNic":"B1234567"}
{"date":"5/24/2020, 4:09:53 PM","level":"info","message":"Success Driver Details send","DNic":"B1234567"}
{"date":"5/24/2020, 4:09:53 PM","level":"info","message":"Success Driver Details send","DNic":"B1234567"}
{"date":"7/18/2020, 10:30:41 AM","level":"info","message":"Success Driver Details send","DNic":"B1234567"}
{"date":"7/18/2020, 10:30:41 AM","level":"info","message":"Success Driver Details send","DNic":"B1234567"}
{"date":"7/18/2020, 10:30:41 AM","level":"info","message":"Success Driver Details send","DNic":"B1234567"}
{"date":"7/18/2020, 10:30:41 AM","level":"info","message":"Success Driver Details send","DNic":"B1234567"}
{"date":"7/18/2020, 10:30:41 AM","level":"info","message":"Success Driver Details send","DNic":"B1234567"}
{"date":"7/18/2020, 10:30:41 AM","level":"info","message":"Success Driver Details send","DNic":"B1234567"}
{"date":"7/18/2020, 10:30:41 AM","level":"info","message":"Success Driver Details send","DNic":"B1234567"}
{"date":"7/18/2020, 10:30:41 AM","level":"info","message":"Success Driver Details send","DNic":"B1234567"}
{"date":"7/18/2020, 1:14:23 PM","level":"info","message":"Success Driver Details send","DNic":"B1234567"}
