{"date":"5/8/2020, 6:16:29 PM","level":"info","message":"Point info ","TNic":"941342198V","Dnic":"B1234567","Point":20}
{"date":"5/8/2020, 6:20:28 PM","level":"info","message":"Point info ","TNic":"941342198V","Dnic":"B1234567","Point":20}
{"date":"5/8/2020, 6:21:33 PM","level":"info","message":"Point info ","TNic":"941342198V","Dnic":"B1234567","Point":20}
{"date":"5/8/2020, 6:22:21 PM","level":"error","message":"Point table error","TNic":"941342198V","Dnic":"B1234567"}
{"date":"5/8/2020, 6:22:50 PM","level":"error","message":"Point table error","TNic":"941342198V","Dnic":"B1234567"}
{"date":"5/8/2020, 6:25:22 PM","level":"error","message":"Point table error","TNic":"941342198V","Dnic":"B1234567","Point":16}
{"date":"5/23/2020, 9:48:53 AM","level":"info","message":"Point info ","TNic":"941342198V","Dnic":"B1234567","Point":1}
{"date":"5/23/2020, 9:48:53 AM","level":"info","message":"Fine Bill Save Success","TNic":"941342198V","Dnic":"B1234567"}
{"date":"5/23/2020, 9:48:53 AM","level":"info","message":"Point info ","TNic":"941342198V","Dnic":"B1234567","Point":1}
{"date":"5/23/2020, 9:48:53 AM","level":"info","message":"Fine Bill Save Success","TNic":"941342198V","Dnic":"B1234567"}
{"date":"5/23/2020, 9:48:53 AM","level":"info","message":"Point info ","TNic":"941342198V","Dnic":"B1234567","Point":1}
{"date":"5/23/2020, 9:48:53 AM","level":"info","message":"Fine Bill Save Success","TNic":"941342198V","Dnic":"B1234567"}
{"date":"5/23/2020, 10:02:36 AM","level":"info","message":"Point info ","TNic":"941342198V","Dnic":"B1234567","Point":1}
{"date":"5/23/2020, 10:02:36 AM","level":"info","message":"Fine Bill Save Success","TNic":"941342198V","Dnic":"B1234567"}
{"date":"5/23/2020, 10:02:36 AM","level":"info","message":"Point info ","TNic":"941342198V","Dnic":"B1234567","Point":1}
{"date":"5/23/2020, 10:02:36 AM","level":"info","message":"Fine Bill Save Success","TNic":"941342198V","Dnic":"B1234567"}
{"date":"5/23/2020, 10:02:36 AM","level":"info","message":"Point info ","TNic":"941342198V","Dnic":"B1234567","Point":1}
{"date":"5/23/2020, 10:02:36 AM","level":"info","message":"Fine Bill Save Success","TNic":"941342198V","Dnic":"B1234567"}
{"date":"5/23/2020, 10:02:36 AM","level":"info","message":"Point info ","TNic":"941342198V","Dnic":"B1234567","Point":1}
{"date":"5/23/2020, 10:02:36 AM","level":"info","message":"Fine Bill Save Success","TNic":"941342198V","Dnic":"B1234567"}
{"date":"5/23/2020, 10:14:32 AM","level":"info","message":"Point info ","TNic":"941342198V","Dnic":"B1234567","Point":1}
{"date":"5/23/2020, 10:14:32 AM","level":"info","message":"Fine Bill Save Success","TNic":"941342198V","Dnic":"B1234567"}
{"date":"7/18/2020, 10:30:41 AM","level":"info","message":"Point info ","TNic":"941342198V","Dnic":"B1234567","Point":1}
{"date":"7/18/2020, 10:30:41 AM","level":"info","message":"Fine Bill Save Success","TNic":"941342198V","Dnic":"B1234567"}
{"date":"7/18/2020, 10:30:41 AM","level":"info","message":"Point info ","TNic":"941342198V","Dnic":"B1234567","Point":1}
{"date":"7/18/2020, 10:30:41 AM","level":"info","message":"Fine Bill Save Success","TNic":"941342198V","Dnic":"B1234567"}
{"date":"7/18/2020, 10:30:41 AM","level":"info","message":"Point info ","TNic":"941342198V","Dnic":"B1234567","Point":1}
{"date":"7/18/2020, 10:30:41 AM","level":"info","message":"Fine Bill Save Success","TNic":"941342198V","Dnic":"B1234567"}
{"date":"7/18/2020, 10:30:41 AM","level":"info","message":"Point info ","TNic":"941342198V","Dnic":"B1234567","Point":1}
{"date":"7/18/2020, 10:30:41 AM","level":"info","message":"Fine Bill Save Success","TNic":"941342198V","Dnic":"B1234567"}
{"date":"7/18/2020, 10:30:41 AM","level":"info","message":"Point info ","TNic":"941342198V","Dnic":"B1234567","Point":1}
{"date":"7/18/2020, 10:30:41 AM","level":"info","message":"Fine Bill Save Success","TNic":"941342198V","Dnic":"B1234567"}
{"date":"7/18/2020, 10:30:41 AM","level":"info","message":"Point info ","TNic":"941342198V","Dnic":"B1234567","Point":1}
{"date":"7/18/2020, 10:30:41 AM","level":"info","message":"Fine Bill Save Success","TNic":"941342198V","Dnic":"B1234567"}
{"date":"7/18/2020, 10:30:41 AM","level":"info","message":"Point info ","TNic":"941342198V","Dnic":"B1234567","Point":1}
{"date":"7/18/2020, 10:30:41 AM","level":"info","message":"Fine Bill Save Success","TNic":"941342198V","Dnic":"B1234567"}
{"date":"7/18/2020, 10:30:41 AM","level":"info","message":"Point info ","TNic":"941342198V","Dnic":"B1234567","Point":1}
{"date":"7/18/2020, 10:30:41 AM","level":"info","message":"Fine Bill Save Success","TNic":"941342198V","Dnic":"B1234567"}
{"date":"7/18/2020, 10:30:41 AM","level":"info","message":"Point info ","TNic":"941342198V","Dnic":"B1234567","Point":1}
{"date":"7/18/2020, 10:30:41 AM","level":"info","message":"Fine Bill Save Success","TNic":"941342198V","Dnic":"B1234567"}
{"date":"7/18/2020, 10:30:41 AM","level":"info","message":"Point info ","TNic":"941342198V","Dnic":"B1234567","Point":1}
{"date":"7/18/2020, 10:30:41 AM","level":"info","message":"Fine Bill Save Success","TNic":"941342198V","Dnic":"B1234567"}
{"date":"7/18/2020, 10:30:41 AM","level":"info","message":"Point info ","TNic":"941342198V","Dnic":"B1234567","Point":1}
{"date":"7/18/2020, 10:30:41 AM","level":"info","message":"Fine Bill Save Success","TNic":"941342198V","Dnic":"B1234567"}
{"date":"7/18/2020, 10:30:41 AM","level":"info","message":"Point info ","TNic":"941342198V","Dnic":"B1234567","Point":1}
{"date":"7/18/2020, 10:30:41 AM","level":"info","message":"Fine Bill Save Success","TNic":"941342198V","Dnic":"B1234567"}
{"date":"7/18/2020, 10:30:41 AM","level":"info","message":"Point info ","TNic":"941342198V","Dnic":"B1234567","Point":1}
{"date":"7/18/2020, 10:30:41 AM","level":"info","message":"Fine Bill Save Success","TNic":"941342198V","Dnic":"B1234567"}
{"date":"7/18/2020, 1:14:24 PM","level":"info","message":"Point info ","TNic":"941342198V","Dnic":"B1234567","Point":1}
{"date":"7/18/2020, 1:14:24 PM","level":"info","message":"Fine Bill Save Success","TNic":"941342198V","Dnic":"B1234567"}
